ARM GAS  C:\Users\lukas\AppData\Local\Temp\ccd985oq.s 			page 1


   1              		.cpu cortex-m7
   2              		.eabi_attribute 28, 1
   3              		.eabi_attribute 20, 1
   4              		.eabi_attribute 21, 1
   5              		.eabi_attribute 23, 3
   6              		.eabi_attribute 24, 1
   7              		.eabi_attribute 25, 1
   8              		.eabi_attribute 26, 1
   9              		.eabi_attribute 30, 1
  10              		.eabi_attribute 34, 1
  11              		.eabi_attribute 18, 4
  12              		.file	"main.c"
  13              		.text
  14              	.Ltext0:
  15              		.cfi_sections	.debug_frame
  16              		.section	.text.enterDFU,"ax",%progbits
  17              		.align	1
  18              		.global	enterDFU
  19              		.arch armv7e-m
  20              		.syntax unified
  21              		.thumb
  22              		.thumb_func
  23              		.fpu fpv5-d16
  25              	enterDFU:
  26              	.LFB146:
  27              		.file 1 "Src/main.c"
   1:Src/main.c    **** /* USER CODE BEGIN Header */
   2:Src/main.c    **** /**
   3:Src/main.c    ****   ******************************************************************************
   4:Src/main.c    ****   * @file           : main.c
   5:Src/main.c    ****   * @brief          : Main program body
   6:Src/main.c    ****   ******************************************************************************
   7:Src/main.c    ****   * @attention
   8:Src/main.c    ****   *
   9:Src/main.c    ****   * <h2><center>&copy; Copyright (c) 2020 STMicroelectronics.
  10:Src/main.c    ****   * All rights reserved.</center></h2>
  11:Src/main.c    ****   *
  12:Src/main.c    ****   * This software component is licensed by ST under Ultimate Liberty license
  13:Src/main.c    ****   * SLA0044, the "License"; You may not use this file except in compliance with
  14:Src/main.c    ****   * the License. You may obtain a copy of the License at:
  15:Src/main.c    ****   *                             www.st.com/SLA0044
  16:Src/main.c    ****   *
  17:Src/main.c    ****   ******************************************************************************
  18:Src/main.c    ****   */
  19:Src/main.c    **** /* USER CODE END Header */
  20:Src/main.c    **** /* Includes ------------------------------------------------------------------*/
  21:Src/main.c    **** #include "main.h"
  22:Src/main.c    **** #include "eth.h"
  23:Src/main.c    **** #include "usart.h"
  24:Src/main.c    **** #include "usb_device.h"
  25:Src/main.c    **** #include "gpio.h"
  26:Src/main.c    **** 
  27:Src/main.c    **** /* Private includes ----------------------------------------------------------*/
  28:Src/main.c    **** /* USER CODE BEGIN Includes */
  29:Src/main.c    **** 
  30:Src/main.c    **** /* USER CODE END Includes */
  31:Src/main.c    **** 
ARM GAS  C:\Users\lukas\AppData\Local\Temp\ccd985oq.s 			page 2


  32:Src/main.c    **** /* Private typedef -----------------------------------------------------------*/
  33:Src/main.c    **** /* USER CODE BEGIN PTD */
  34:Src/main.c    **** void enterDFU();
  35:Src/main.c    **** /* USER CODE END PTD */
  36:Src/main.c    **** 
  37:Src/main.c    **** /* Private define ------------------------------------------------------------*/
  38:Src/main.c    **** /* USER CODE BEGIN PD */
  39:Src/main.c    **** /* USER CODE END PD */
  40:Src/main.c    **** 
  41:Src/main.c    **** /* Private macro -------------------------------------------------------------*/
  42:Src/main.c    **** /* USER CODE BEGIN PM */
  43:Src/main.c    **** 
  44:Src/main.c    **** /* USER CODE END PM */
  45:Src/main.c    **** 
  46:Src/main.c    **** /* Private variables ---------------------------------------------------------*/
  47:Src/main.c    **** 
  48:Src/main.c    **** /* USER CODE BEGIN PV */
  49:Src/main.c    **** 
  50:Src/main.c    **** /* USER CODE END PV */
  51:Src/main.c    **** 
  52:Src/main.c    **** /* Private function prototypes -----------------------------------------------*/
  53:Src/main.c    **** void SystemClock_Config(void);
  54:Src/main.c    **** /* USER CODE BEGIN PFP */
  55:Src/main.c    **** 
  56:Src/main.c    **** /* USER CODE END PFP */
  57:Src/main.c    **** 
  58:Src/main.c    **** /* Private user code ---------------------------------------------------------*/
  59:Src/main.c    **** /* USER CODE BEGIN 0 */
  60:Src/main.c    **** 
  61:Src/main.c    **** /* USER CODE END 0 */
  62:Src/main.c    **** 
  63:Src/main.c    **** /**
  64:Src/main.c    ****   * @brief  The application entry point.
  65:Src/main.c    ****   * @retval int
  66:Src/main.c    ****   */
  67:Src/main.c    **** int main(void)
  68:Src/main.c    **** {
  69:Src/main.c    ****     /* USER CODE BEGIN 1 */
  70:Src/main.c    **** 
  71:Src/main.c    ****     /* USER CODE END 1 */
  72:Src/main.c    **** 
  73:Src/main.c    ****     /* MCU Configuration--------------------------------------------------------*/
  74:Src/main.c    **** 
  75:Src/main.c    ****     /* Reset of all peripherals, Initializes the Flash interface and the Systick. */
  76:Src/main.c    ****     HAL_Init();
  77:Src/main.c    **** 
  78:Src/main.c    ****     /* USER CODE BEGIN Init */
  79:Src/main.c    **** 
  80:Src/main.c    ****     /* USER CODE END Init */
  81:Src/main.c    **** 
  82:Src/main.c    ****     /* Configure the system clock */
  83:Src/main.c    ****     SystemClock_Config();
  84:Src/main.c    **** 
  85:Src/main.c    ****     /* USER CODE BEGIN SysInit */
  86:Src/main.c    **** 
  87:Src/main.c    ****     /* USER CODE END SysInit */
  88:Src/main.c    **** 
ARM GAS  C:\Users\lukas\AppData\Local\Temp\ccd985oq.s 			page 3


  89:Src/main.c    ****     /* Initialize all configured peripherals */
  90:Src/main.c    ****     MX_GPIO_Init();
  91:Src/main.c    ****     MX_ETH_Init();
  92:Src/main.c    ****     MX_USART3_UART_Init();
  93:Src/main.c    ****     MX_USB_DEVICE_Init();
  94:Src/main.c    **** 
  95:Src/main.c    ****     /* USER CODE BEGIN 2 */
  96:Src/main.c    ****     /* USER CODE END 2 */
  97:Src/main.c    **** 
  98:Src/main.c    ****     /* Infinite loop */
  99:Src/main.c    ****     /* USER CODE BEGIN WHILE */
 100:Src/main.c    ****     while (1)
 101:Src/main.c    ****     {
 102:Src/main.c    ****         if (HAL_GPIO_ReadPin(B1_GPIO_Port, B1_Pin))
 103:Src/main.c    ****         {
 104:Src/main.c    ****             enterDFU();
 105:Src/main.c    ****         }
 106:Src/main.c    ****         HAL_Delay(500);
 107:Src/main.c    ****         HAL_GPIO_TogglePin(LD1_GPIO_Port, LD1_Pin);
 108:Src/main.c    ****         /* USER CODE END WHILE */
 109:Src/main.c    ****         /* USER CODE BEGIN 3 */
 110:Src/main.c    ****     }
 111:Src/main.c    ****     /* USER CODE END 3 */
 112:Src/main.c    **** }
 113:Src/main.c    **** 
 114:Src/main.c    **** void enterDFU()
 115:Src/main.c    **** {
  28              		.loc 1 115 1 view -0
  29              		.cfi_startproc
  30              		@ args = 0, pretend = 0, frame = 0
  31              		@ frame_needed = 0, uses_anonymous_args = 0
  32 0000 08B5     		push	{r3, lr}
  33              	.LCFI0:
  34              		.cfi_def_cfa_offset 8
  35              		.cfi_offset 3, -8
  36              		.cfi_offset 14, -4
 116:Src/main.c    **** 
 117:Src/main.c    ****     HAL_RCC_DeInit();
  37              		.loc 1 117 5 view .LVU1
  38 0002 FFF7FEFF 		bl	HAL_RCC_DeInit
  39              	.LVL0:
 118:Src/main.c    ****     HAL_DeInit();
  40              		.loc 1 118 5 view .LVU2
  41 0006 FFF7FEFF 		bl	HAL_DeInit
  42              	.LVL1:
 119:Src/main.c    **** 
 120:Src/main.c    ****     volatile uint32_t *vect = 0x1FF09800;
  43              		.loc 1 120 5 view .LVU3
 121:Src/main.c    ****     asm volatile(
  44              		.loc 1 121 5 view .LVU4
 122:Src/main.c    ****         "mov sp, %[boot_sp]\n\t"
 123:Src/main.c    ****         "bx %[boot_pc]\n\t" ::[boot_sp] "r"(vect[0]),
  45              		.loc 1 123 49 is_stmt 0 view .LVU5
  46 000a 034B     		ldr	r3, .L3
  47 000c 1B68     		ldr	r3, [r3]
 124:Src/main.c    ****         [ boot_pc ] "r"(vect[1]));
  48              		.loc 1 124 29 view .LVU6
ARM GAS  C:\Users\lukas\AppData\Local\Temp\ccd985oq.s 			page 4


  49 000e 034A     		ldr	r2, .L3+4
  50 0010 1268     		ldr	r2, [r2]
 121:Src/main.c    ****     asm volatile(
  51              		.loc 1 121 5 view .LVU7
  52              		.syntax unified
  53              	@ 121 "Src/main.c" 1
  54 0012 9D46     		mov sp, r3
  55 0014 1047     		bx r2
  56              		
  57              	@ 0 "" 2
 125:Src/main.c    **** }
  58              		.loc 1 125 1 view .LVU8
  59              		.thumb
  60              		.syntax unified
  61 0016 08BD     		pop	{r3, pc}
  62              	.L4:
  63              		.align	2
  64              	.L3:
  65 0018 0098F01F 		.word	535861248
  66 001c 0498F01F 		.word	535861252
  67              		.cfi_endproc
  68              	.LFE146:
  70              		.section	.text.SystemClock_Config,"ax",%progbits
  71              		.align	1
  72              		.global	SystemClock_Config
  73              		.syntax unified
  74              		.thumb
  75              		.thumb_func
  76              		.fpu fpv5-d16
  78              	SystemClock_Config:
  79              	.LFB147:
 126:Src/main.c    **** 
 127:Src/main.c    **** /**
 128:Src/main.c    ****   * @brief System Clock Configuration
 129:Src/main.c    ****   * @retval None
 130:Src/main.c    ****   */
 131:Src/main.c    **** void SystemClock_Config(void)
 132:Src/main.c    **** {
  80              		.loc 1 132 1 is_stmt 1 view -0
  81              		.cfi_startproc
  82              		@ args = 0, pretend = 0, frame = 304
  83              		@ frame_needed = 0, uses_anonymous_args = 0
  84 0000 10B5     		push	{r4, lr}
  85              	.LCFI1:
  86              		.cfi_def_cfa_offset 8
  87              		.cfi_offset 4, -8
  88              		.cfi_offset 14, -4
  89 0002 CCB0     		sub	sp, sp, #304
  90              	.LCFI2:
  91              		.cfi_def_cfa_offset 312
 133:Src/main.c    ****     RCC_OscInitTypeDef RCC_OscInitStruct = {0};
  92              		.loc 1 133 5 view .LVU10
  93              		.loc 1 133 24 is_stmt 0 view .LVU11
  94 0004 4C22     		movs	r2, #76
  95 0006 0021     		movs	r1, #0
  96 0008 39A8     		add	r0, sp, #228
  97 000a FFF7FEFF 		bl	memset
ARM GAS  C:\Users\lukas\AppData\Local\Temp\ccd985oq.s 			page 5


  98              	.LVL2:
 134:Src/main.c    ****     RCC_ClkInitTypeDef RCC_ClkInitStruct = {0};
  99              		.loc 1 134 5 is_stmt 1 view .LVU12
 100              		.loc 1 134 24 is_stmt 0 view .LVU13
 101 000e 2022     		movs	r2, #32
 102 0010 0021     		movs	r1, #0
 103 0012 31A8     		add	r0, sp, #196
 104 0014 FFF7FEFF 		bl	memset
 105              	.LVL3:
 135:Src/main.c    ****     RCC_PeriphCLKInitTypeDef PeriphClkInitStruct = {0};
 106              		.loc 1 135 5 is_stmt 1 view .LVU14
 107              		.loc 1 135 30 is_stmt 0 view .LVU15
 108 0018 BC22     		movs	r2, #188
 109 001a 0021     		movs	r1, #0
 110 001c 02A8     		add	r0, sp, #8
 111 001e FFF7FEFF 		bl	memset
 112              	.LVL4:
 136:Src/main.c    **** 
 137:Src/main.c    ****     /** Supply configuration update enable
 138:Src/main.c    ****   */
 139:Src/main.c    ****     HAL_PWREx_ConfigSupply(PWR_LDO_SUPPLY);
 113              		.loc 1 139 5 is_stmt 1 view .LVU16
 114 0022 0220     		movs	r0, #2
 115 0024 FFF7FEFF 		bl	HAL_PWREx_ConfigSupply
 116              	.LVL5:
 140:Src/main.c    ****     /** Configure the main internal regulator output voltage
 141:Src/main.c    ****   */
 142:Src/main.c    ****     __HAL_PWR_VOLTAGESCALING_CONFIG(PWR_REGULATOR_VOLTAGE_SCALE3);
 117              		.loc 1 142 5 view .LVU17
 118              	.LBB2:
 119              		.loc 1 142 5 view .LVU18
 120 0028 0023     		movs	r3, #0
 121 002a 0193     		str	r3, [sp, #4]
 122              		.loc 1 142 5 view .LVU19
 123              		.loc 1 142 5 view .LVU20
 124 002c 274B     		ldr	r3, .L8
 125 002e DA6A     		ldr	r2, [r3, #44]
 126 0030 22F00102 		bic	r2, r2, #1
 127 0034 DA62     		str	r2, [r3, #44]
 128              		.loc 1 142 5 view .LVU21
 129 0036 DB6A     		ldr	r3, [r3, #44]
 130 0038 03F00103 		and	r3, r3, #1
 131 003c 0193     		str	r3, [sp, #4]
 132              		.loc 1 142 5 view .LVU22
 133 003e 244A     		ldr	r2, .L8+4
 134 0040 9369     		ldr	r3, [r2, #24]
 135 0042 23F44043 		bic	r3, r3, #49152
 136 0046 43F48043 		orr	r3, r3, #16384
 137 004a 9361     		str	r3, [r2, #24]
 138              		.loc 1 142 5 view .LVU23
 139 004c 9369     		ldr	r3, [r2, #24]
 140 004e 03F44043 		and	r3, r3, #49152
 141 0052 0193     		str	r3, [sp, #4]
 142              		.loc 1 142 5 view .LVU24
 143 0054 019B     		ldr	r3, [sp, #4]
 144              	.LBE2:
 145              		.loc 1 142 5 view .LVU25
ARM GAS  C:\Users\lukas\AppData\Local\Temp\ccd985oq.s 			page 6


 143:Src/main.c    **** 
 144:Src/main.c    ****     while (!__HAL_PWR_GET_FLAG(PWR_FLAG_VOSRDY))
 146              		.loc 1 144 5 view .LVU26
 147              	.L6:
 145:Src/main.c    ****     {
 146:Src/main.c    ****     }
 148              		.loc 1 146 5 discriminator 1 view .LVU27
 144:Src/main.c    ****     {
 149              		.loc 1 144 11 discriminator 1 view .LVU28
 144:Src/main.c    ****     {
 150              		.loc 1 144 13 is_stmt 0 discriminator 1 view .LVU29
 151 0056 1E4B     		ldr	r3, .L8+4
 152 0058 9B69     		ldr	r3, [r3, #24]
 144:Src/main.c    ****     {
 153              		.loc 1 144 11 discriminator 1 view .LVU30
 154 005a 13F4005F 		tst	r3, #8192
 155 005e FAD0     		beq	.L6
 147:Src/main.c    ****     /** Initializes the RCC Oscillators according to the specified parameters
 148:Src/main.c    ****   * in the RCC_OscInitTypeDef structure.
 149:Src/main.c    ****   */
 150:Src/main.c    ****     RCC_OscInitStruct.OscillatorType = RCC_OSCILLATORTYPE_HSI | RCC_OSCILLATORTYPE_HSE;
 156              		.loc 1 150 5 is_stmt 1 view .LVU31
 157              		.loc 1 150 38 is_stmt 0 view .LVU32
 158 0060 0323     		movs	r3, #3
 159 0062 3993     		str	r3, [sp, #228]
 151:Src/main.c    ****     RCC_OscInitStruct.HSEState = RCC_HSE_BYPASS;
 160              		.loc 1 151 5 is_stmt 1 view .LVU33
 161              		.loc 1 151 32 is_stmt 0 view .LVU34
 162 0064 4FF4A023 		mov	r3, #327680
 163 0068 3A93     		str	r3, [sp, #232]
 152:Src/main.c    ****     RCC_OscInitStruct.HSIState = RCC_HSI_DIV1;
 164              		.loc 1 152 5 is_stmt 1 view .LVU35
 165              		.loc 1 152 32 is_stmt 0 view .LVU36
 166 006a 0122     		movs	r2, #1
 167 006c 3C92     		str	r2, [sp, #240]
 153:Src/main.c    ****     RCC_OscInitStruct.HSICalibrationValue = RCC_HSICALIBRATION_DEFAULT;
 168              		.loc 1 153 5 is_stmt 1 view .LVU37
 169              		.loc 1 153 43 is_stmt 0 view .LVU38
 170 006e 4023     		movs	r3, #64
 171 0070 3D93     		str	r3, [sp, #244]
 154:Src/main.c    ****     RCC_OscInitStruct.PLL.PLLState = RCC_PLL_ON;
 172              		.loc 1 154 5 is_stmt 1 view .LVU39
 173              		.loc 1 154 36 is_stmt 0 view .LVU40
 174 0072 0223     		movs	r3, #2
 175 0074 4293     		str	r3, [sp, #264]
 155:Src/main.c    ****     RCC_OscInitStruct.PLL.PLLSource = RCC_PLLSOURCE_HSE;
 176              		.loc 1 155 5 is_stmt 1 view .LVU41
 177              		.loc 1 155 37 is_stmt 0 view .LVU42
 178 0076 4393     		str	r3, [sp, #268]
 156:Src/main.c    ****     RCC_OscInitStruct.PLL.PLLM = 1;
 179              		.loc 1 156 5 is_stmt 1 view .LVU43
 180              		.loc 1 156 32 is_stmt 0 view .LVU44
 181 0078 4492     		str	r2, [sp, #272]
 157:Src/main.c    ****     RCC_OscInitStruct.PLL.PLLN = 24;
 182              		.loc 1 157 5 is_stmt 1 view .LVU45
 183              		.loc 1 157 32 is_stmt 0 view .LVU46
 184 007a 1822     		movs	r2, #24
ARM GAS  C:\Users\lukas\AppData\Local\Temp\ccd985oq.s 			page 7


 185 007c 4592     		str	r2, [sp, #276]
 158:Src/main.c    ****     RCC_OscInitStruct.PLL.PLLP = 2;
 186              		.loc 1 158 5 is_stmt 1 view .LVU47
 187              		.loc 1 158 32 is_stmt 0 view .LVU48
 188 007e 4693     		str	r3, [sp, #280]
 159:Src/main.c    ****     RCC_OscInitStruct.PLL.PLLQ = 4;
 189              		.loc 1 159 5 is_stmt 1 view .LVU49
 190              		.loc 1 159 32 is_stmt 0 view .LVU50
 191 0080 0422     		movs	r2, #4
 192 0082 4792     		str	r2, [sp, #284]
 160:Src/main.c    ****     RCC_OscInitStruct.PLL.PLLR = 2;
 193              		.loc 1 160 5 is_stmt 1 view .LVU51
 194              		.loc 1 160 32 is_stmt 0 view .LVU52
 195 0084 4893     		str	r3, [sp, #288]
 161:Src/main.c    ****     RCC_OscInitStruct.PLL.PLLRGE = RCC_PLL1VCIRANGE_3;
 196              		.loc 1 161 5 is_stmt 1 view .LVU53
 197              		.loc 1 161 34 is_stmt 0 view .LVU54
 198 0086 0C23     		movs	r3, #12
 199 0088 4993     		str	r3, [sp, #292]
 162:Src/main.c    ****     RCC_OscInitStruct.PLL.PLLVCOSEL = RCC_PLL1VCOWIDE;
 200              		.loc 1 162 5 is_stmt 1 view .LVU55
 201              		.loc 1 162 37 is_stmt 0 view .LVU56
 202 008a 0024     		movs	r4, #0
 203 008c 4A94     		str	r4, [sp, #296]
 163:Src/main.c    ****     RCC_OscInitStruct.PLL.PLLFRACN = 0;
 204              		.loc 1 163 5 is_stmt 1 view .LVU57
 205              		.loc 1 163 36 is_stmt 0 view .LVU58
 206 008e 4B94     		str	r4, [sp, #300]
 164:Src/main.c    ****     if (HAL_RCC_OscConfig(&RCC_OscInitStruct) != HAL_OK)
 207              		.loc 1 164 5 is_stmt 1 view .LVU59
 208              		.loc 1 164 9 is_stmt 0 view .LVU60
 209 0090 39A8     		add	r0, sp, #228
 210 0092 FFF7FEFF 		bl	HAL_RCC_OscConfig
 211              	.LVL6:
 165:Src/main.c    ****     {
 166:Src/main.c    ****         Error_Handler();
 167:Src/main.c    ****     }
 168:Src/main.c    ****     /** Initializes the CPU, AHB and APB buses clocks
 169:Src/main.c    ****   */
 170:Src/main.c    ****     RCC_ClkInitStruct.ClockType = RCC_CLOCKTYPE_HCLK | RCC_CLOCKTYPE_SYSCLK | RCC_CLOCKTYPE_PCLK1 |
 212              		.loc 1 170 5 is_stmt 1 view .LVU61
 213              		.loc 1 170 33 is_stmt 0 view .LVU62
 214 0096 3F23     		movs	r3, #63
 215 0098 3193     		str	r3, [sp, #196]
 171:Src/main.c    ****     RCC_ClkInitStruct.SYSCLKSource = RCC_SYSCLKSOURCE_HSI;
 216              		.loc 1 171 5 is_stmt 1 view .LVU63
 217              		.loc 1 171 36 is_stmt 0 view .LVU64
 218 009a 3294     		str	r4, [sp, #200]
 172:Src/main.c    ****     RCC_ClkInitStruct.SYSCLKDivider = RCC_SYSCLK_DIV1;
 219              		.loc 1 172 5 is_stmt 1 view .LVU65
 220              		.loc 1 172 37 is_stmt 0 view .LVU66
 221 009c 3394     		str	r4, [sp, #204]
 173:Src/main.c    ****     RCC_ClkInitStruct.AHBCLKDivider = RCC_HCLK_DIV1;
 222              		.loc 1 173 5 is_stmt 1 view .LVU67
 223              		.loc 1 173 37 is_stmt 0 view .LVU68
 224 009e 3494     		str	r4, [sp, #208]
 174:Src/main.c    ****     RCC_ClkInitStruct.APB3CLKDivider = RCC_APB3_DIV1;
ARM GAS  C:\Users\lukas\AppData\Local\Temp\ccd985oq.s 			page 8


 225              		.loc 1 174 5 is_stmt 1 view .LVU69
 226              		.loc 1 174 38 is_stmt 0 view .LVU70
 227 00a0 3594     		str	r4, [sp, #212]
 175:Src/main.c    ****     RCC_ClkInitStruct.APB1CLKDivider = RCC_APB1_DIV1;
 228              		.loc 1 175 5 is_stmt 1 view .LVU71
 229              		.loc 1 175 38 is_stmt 0 view .LVU72
 230 00a2 3694     		str	r4, [sp, #216]
 176:Src/main.c    ****     RCC_ClkInitStruct.APB2CLKDivider = RCC_APB2_DIV1;
 231              		.loc 1 176 5 is_stmt 1 view .LVU73
 232              		.loc 1 176 38 is_stmt 0 view .LVU74
 233 00a4 3794     		str	r4, [sp, #220]
 177:Src/main.c    ****     RCC_ClkInitStruct.APB4CLKDivider = RCC_APB4_DIV1;
 234              		.loc 1 177 5 is_stmt 1 view .LVU75
 235              		.loc 1 177 38 is_stmt 0 view .LVU76
 236 00a6 3894     		str	r4, [sp, #224]
 178:Src/main.c    **** 
 179:Src/main.c    ****     if (HAL_RCC_ClockConfig(&RCC_ClkInitStruct, FLASH_LATENCY_0) != HAL_OK)
 237              		.loc 1 179 5 is_stmt 1 view .LVU77
 238              		.loc 1 179 9 is_stmt 0 view .LVU78
 239 00a8 2146     		mov	r1, r4
 240 00aa 31A8     		add	r0, sp, #196
 241 00ac FFF7FEFF 		bl	HAL_RCC_ClockConfig
 242              	.LVL7:
 180:Src/main.c    ****     {
 181:Src/main.c    ****         Error_Handler();
 182:Src/main.c    ****     }
 183:Src/main.c    ****     PeriphClkInitStruct.PeriphClockSelection = RCC_PERIPHCLK_USART3 | RCC_PERIPHCLK_USB;
 243              		.loc 1 183 5 is_stmt 1 view .LVU79
 244              		.loc 1 183 46 is_stmt 0 view .LVU80
 245 00b0 084B     		ldr	r3, .L8+8
 246 00b2 0293     		str	r3, [sp, #8]
 184:Src/main.c    ****     PeriphClkInitStruct.Usart234578ClockSelection = RCC_USART234578CLKSOURCE_D2PCLK1;
 247              		.loc 1 184 5 is_stmt 1 view .LVU81
 248              		.loc 1 184 51 is_stmt 0 view .LVU82
 249 00b4 1F94     		str	r4, [sp, #124]
 185:Src/main.c    ****     PeriphClkInitStruct.UsbClockSelection = RCC_USBCLKSOURCE_PLL;
 250              		.loc 1 185 5 is_stmt 1 view .LVU83
 251              		.loc 1 185 43 is_stmt 0 view .LVU84
 252 00b6 4FF48013 		mov	r3, #1048576
 253 00ba 2393     		str	r3, [sp, #140]
 186:Src/main.c    ****     if (HAL_RCCEx_PeriphCLKConfig(&PeriphClkInitStruct) != HAL_OK)
 254              		.loc 1 186 5 is_stmt 1 view .LVU85
 255              		.loc 1 186 9 is_stmt 0 view .LVU86
 256 00bc 02A8     		add	r0, sp, #8
 257 00be FFF7FEFF 		bl	HAL_RCCEx_PeriphCLKConfig
 258              	.LVL8:
 187:Src/main.c    ****     {
 188:Src/main.c    ****         Error_Handler();
 189:Src/main.c    ****     }
 190:Src/main.c    ****     /** Enable USB Voltage detector
 191:Src/main.c    ****   */
 192:Src/main.c    ****     HAL_PWREx_EnableUSBVoltageDetector();
 259              		.loc 1 192 5 is_stmt 1 view .LVU87
 260 00c2 FFF7FEFF 		bl	HAL_PWREx_EnableUSBVoltageDetector
 261              	.LVL9:
 193:Src/main.c    **** }
 262              		.loc 1 193 1 is_stmt 0 view .LVU88
ARM GAS  C:\Users\lukas\AppData\Local\Temp\ccd985oq.s 			page 9


 263 00c6 4CB0     		add	sp, sp, #304
 264              	.LCFI3:
 265              		.cfi_def_cfa_offset 8
 266              		@ sp needed
 267 00c8 10BD     		pop	{r4, pc}
 268              	.L9:
 269 00ca 00BF     		.align	2
 270              	.L8:
 271 00cc 00040058 		.word	1476396032
 272 00d0 00480258 		.word	1476544512
 273 00d4 02000400 		.word	262146
 274              		.cfi_endproc
 275              	.LFE147:
 277              		.section	.text.main,"ax",%progbits
 278              		.align	1
 279              		.global	main
 280              		.syntax unified
 281              		.thumb
 282              		.thumb_func
 283              		.fpu fpv5-d16
 285              	main:
 286              	.LFB145:
  68:Src/main.c    ****     /* USER CODE BEGIN 1 */
 287              		.loc 1 68 1 is_stmt 1 view -0
 288              		.cfi_startproc
 289              		@ Volatile: function does not return.
 290              		@ args = 0, pretend = 0, frame = 0
 291              		@ frame_needed = 0, uses_anonymous_args = 0
 292 0000 08B5     		push	{r3, lr}
 293              	.LCFI4:
 294              		.cfi_def_cfa_offset 8
 295              		.cfi_offset 3, -8
 296              		.cfi_offset 14, -4
  76:Src/main.c    **** 
 297              		.loc 1 76 5 view .LVU90
 298 0002 FFF7FEFF 		bl	HAL_Init
 299              	.LVL10:
  83:Src/main.c    **** 
 300              		.loc 1 83 5 view .LVU91
 301 0006 FFF7FEFF 		bl	SystemClock_Config
 302              	.LVL11:
  90:Src/main.c    ****     MX_ETH_Init();
 303              		.loc 1 90 5 view .LVU92
 304 000a FFF7FEFF 		bl	MX_GPIO_Init
 305              	.LVL12:
  91:Src/main.c    ****     MX_USART3_UART_Init();
 306              		.loc 1 91 5 view .LVU93
 307 000e FFF7FEFF 		bl	MX_ETH_Init
 308              	.LVL13:
  92:Src/main.c    ****     MX_USB_DEVICE_Init();
 309              		.loc 1 92 5 view .LVU94
 310 0012 FFF7FEFF 		bl	MX_USART3_UART_Init
 311              	.LVL14:
  93:Src/main.c    **** 
 312              		.loc 1 93 5 view .LVU95
 313 0016 FFF7FEFF 		bl	MX_USB_DEVICE_Init
 314              	.LVL15:
ARM GAS  C:\Users\lukas\AppData\Local\Temp\ccd985oq.s 			page 10


 315 001a 07E0     		b	.L12
 316              	.L11:
 106:Src/main.c    ****         HAL_GPIO_TogglePin(LD1_GPIO_Port, LD1_Pin);
 317              		.loc 1 106 9 view .LVU96
 318 001c 4FF4FA70 		mov	r0, #500
 319 0020 FFF7FEFF 		bl	HAL_Delay
 320              	.LVL16:
 107:Src/main.c    ****         /* USER CODE END WHILE */
 321              		.loc 1 107 9 view .LVU97
 322 0024 0121     		movs	r1, #1
 323 0026 0648     		ldr	r0, .L14
 324 0028 FFF7FEFF 		bl	HAL_GPIO_TogglePin
 325              	.LVL17:
 100:Src/main.c    ****     {
 326              		.loc 1 100 11 view .LVU98
 327              	.L12:
 100:Src/main.c    ****     {
 328              		.loc 1 100 5 view .LVU99
 102:Src/main.c    ****         {
 329              		.loc 1 102 9 view .LVU100
 102:Src/main.c    ****         {
 330              		.loc 1 102 13 is_stmt 0 view .LVU101
 331 002c 4FF40051 		mov	r1, #8192
 332 0030 0448     		ldr	r0, .L14+4
 333 0032 FFF7FEFF 		bl	HAL_GPIO_ReadPin
 334              	.LVL18:
 102:Src/main.c    ****         {
 335              		.loc 1 102 12 view .LVU102
 336 0036 0028     		cmp	r0, #0
 337 0038 F0D0     		beq	.L11
 104:Src/main.c    ****         }
 338              		.loc 1 104 13 is_stmt 1 view .LVU103
 339 003a FFF7FEFF 		bl	enterDFU
 340              	.LVL19:
 341 003e EDE7     		b	.L11
 342              	.L15:
 343              		.align	2
 344              	.L14:
 345 0040 00040258 		.word	1476527104
 346 0044 00080258 		.word	1476528128
 347              		.cfi_endproc
 348              	.LFE145:
 350              		.section	.text.Error_Handler,"ax",%progbits
 351              		.align	1
 352              		.global	Error_Handler
 353              		.syntax unified
 354              		.thumb
 355              		.thumb_func
 356              		.fpu fpv5-d16
 358              	Error_Handler:
 359              	.LFB148:
 194:Src/main.c    **** 
 195:Src/main.c    **** /* USER CODE BEGIN 4 */
 196:Src/main.c    **** 
 197:Src/main.c    **** /* USER CODE END 4 */
 198:Src/main.c    **** 
 199:Src/main.c    **** /**
ARM GAS  C:\Users\lukas\AppData\Local\Temp\ccd985oq.s 			page 11


 200:Src/main.c    ****   * @brief  This function is executed in case of error occurrence.
 201:Src/main.c    ****   * @retval None
 202:Src/main.c    ****   */
 203:Src/main.c    **** void Error_Handler(void)
 204:Src/main.c    **** {
 360              		.loc 1 204 1 view -0
 361              		.cfi_startproc
 362              		@ args = 0, pretend = 0, frame = 0
 363              		@ frame_needed = 0, uses_anonymous_args = 0
 364              		@ link register save eliminated.
 205:Src/main.c    ****     /* USER CODE BEGIN Error_Handler_Debug */
 206:Src/main.c    ****     /* User can add his own implementation to report the HAL error return state */
 207:Src/main.c    **** 
 208:Src/main.c    ****     /* USER CODE END Error_Handler_Debug */
 209:Src/main.c    **** }
 365              		.loc 1 209 1 view .LVU105
 366 0000 7047     		bx	lr
 367              		.cfi_endproc
 368              	.LFE148:
 370              		.text
 371              	.Letext0:
 372              		.file 2 "c:\\program files (x86)\\gnu arm embedded toolchain\\9 2020-q2-update\\arm-none-eabi\\inc
 373              		.file 3 "c:\\program files (x86)\\gnu arm embedded toolchain\\9 2020-q2-update\\arm-none-eabi\\inc
 374              		.file 4 "Drivers/CMSIS/Include/core_cm7.h"
 375              		.file 5 "Drivers/CMSIS/Device/ST/STM32H7xx/Include/system_stm32h7xx.h"
 376              		.file 6 "Drivers/CMSIS/Device/ST/STM32H7xx/Include/stm32h743xx.h"
 377              		.file 7 "c:\\program files (x86)\\gnu arm embedded toolchain\\9 2020-q2-update\\lib\\gcc\\arm-none
 378              		.file 8 "c:\\program files (x86)\\gnu arm embedded toolchain\\9 2020-q2-update\\arm-none-eabi\\inc
 379              		.file 9 "c:\\program files (x86)\\gnu arm embedded toolchain\\9 2020-q2-update\\arm-none-eabi\\inc
 380              		.file 10 "c:\\program files (x86)\\gnu arm embedded toolchain\\9 2020-q2-update\\arm-none-eabi\\in
 381              		.file 11 "c:\\program files (x86)\\gnu arm embedded toolchain\\9 2020-q2-update\\arm-none-eabi\\in
 382              		.file 12 "Drivers/STM32H7xx_HAL_Driver/Inc/stm32h7xx_hal_def.h"
 383              		.file 13 "Drivers/STM32H7xx_HAL_Driver/Inc/stm32h7xx_hal_rcc.h"
 384              		.file 14 "Drivers/STM32H7xx_HAL_Driver/Inc/stm32h7xx_hal_rcc_ex.h"
 385              		.file 15 "Drivers/STM32H7xx_HAL_Driver/Inc/stm32h7xx_hal_dma.h"
 386              		.file 16 "Drivers/STM32H7xx_HAL_Driver/Inc/stm32h7xx_hal_eth.h"
 387              		.file 17 "Drivers/STM32H7xx_HAL_Driver/Inc/stm32h7xx_hal_flash.h"
 388              		.file 18 "Drivers/STM32H7xx_HAL_Driver/Inc/stm32h7xx_hal_uart.h"
 389              		.file 19 "Drivers/STM32H7xx_HAL_Driver/Inc/stm32h7xx_hal.h"
 390              		.file 20 "Inc/eth.h"
 391              		.file 21 "Inc/usart.h"
 392              		.file 22 "c:\\program files (x86)\\gnu arm embedded toolchain\\9 2020-q2-update\\arm-none-eabi\\in
 393              		.file 23 "Drivers/STM32H7xx_HAL_Driver/Inc/stm32h7xx_hal_pwr_ex.h"
 394              		.file 24 "Inc/gpio.h"
 395              		.file 25 "Inc/usb_device.h"
 396              		.file 26 "Drivers/STM32H7xx_HAL_Driver/Inc/stm32h7xx_hal_gpio.h"
 397              		.file 27 "<built-in>"
ARM GAS  C:\Users\lukas\AppData\Local\Temp\ccd985oq.s 			page 12


DEFINED SYMBOLS
                            *ABS*:00000000 main.c
C:\Users\lukas\AppData\Local\Temp\ccd985oq.s:17     .text.enterDFU:00000000 $t
C:\Users\lukas\AppData\Local\Temp\ccd985oq.s:25     .text.enterDFU:00000000 enterDFU
C:\Users\lukas\AppData\Local\Temp\ccd985oq.s:65     .text.enterDFU:00000018 $d
C:\Users\lukas\AppData\Local\Temp\ccd985oq.s:71     .text.SystemClock_Config:00000000 $t
C:\Users\lukas\AppData\Local\Temp\ccd985oq.s:78     .text.SystemClock_Config:00000000 SystemClock_Config
C:\Users\lukas\AppData\Local\Temp\ccd985oq.s:271    .text.SystemClock_Config:000000cc $d
C:\Users\lukas\AppData\Local\Temp\ccd985oq.s:278    .text.main:00000000 $t
C:\Users\lukas\AppData\Local\Temp\ccd985oq.s:285    .text.main:00000000 main
C:\Users\lukas\AppData\Local\Temp\ccd985oq.s:345    .text.main:00000040 $d
C:\Users\lukas\AppData\Local\Temp\ccd985oq.s:351    .text.Error_Handler:00000000 $t
C:\Users\lukas\AppData\Local\Temp\ccd985oq.s:358    .text.Error_Handler:00000000 Error_Handler

UNDEFINED SYMBOLS
HAL_RCC_DeInit
HAL_DeInit
memset
HAL_PWREx_ConfigSupply
HAL_RCC_OscConfig
HAL_RCC_ClockConfig
HAL_RCCEx_PeriphCLKConfig
HAL_PWREx_EnableUSBVoltageDetector
HAL_Init
MX_GPIO_Init
MX_ETH_Init
MX_USART3_UART_Init
MX_USB_DEVICE_Init
HAL_Delay
HAL_GPIO_TogglePin
HAL_GPIO_ReadPin
