ARM GAS  C:\Users\lukas\AppData\Local\Temp\ccUqHlUB.s 			page 1


   1              		.cpu cortex-m7
   2              		.eabi_attribute 28, 1
   3              		.eabi_attribute 20, 1
   4              		.eabi_attribute 21, 1
   5              		.eabi_attribute 23, 3
   6              		.eabi_attribute 24, 1
   7              		.eabi_attribute 25, 1
   8              		.eabi_attribute 26, 1
   9              		.eabi_attribute 30, 1
  10              		.eabi_attribute 34, 1
  11              		.eabi_attribute 18, 4
  12              		.file	"usb_device.c"
  13              		.text
  14              	.Ltext0:
  15              		.cfi_sections	.debug_frame
  16              		.section	.text.MX_USB_DEVICE_Init,"ax",%progbits
  17              		.align	1
  18              		.global	MX_USB_DEVICE_Init
  19              		.arch armv7e-m
  20              		.syntax unified
  21              		.thumb
  22              		.thumb_func
  23              		.fpu fpv5-d16
  25              	MX_USB_DEVICE_Init:
  26              	.LFB145:
  27              		.file 1 "Src/usb_device.c"
   1:Src/usb_device.c **** /* USER CODE BEGIN Header */
   2:Src/usb_device.c **** /**
   3:Src/usb_device.c ****   ******************************************************************************
   4:Src/usb_device.c ****   * @file           : usb_device.c
   5:Src/usb_device.c ****   * @version        : v1.0_Cube
   6:Src/usb_device.c ****   * @brief          : This file implements the USB Device
   7:Src/usb_device.c ****   ******************************************************************************
   8:Src/usb_device.c ****   * @attention
   9:Src/usb_device.c ****   *
  10:Src/usb_device.c ****   * <h2><center>&copy; Copyright (c) 2020 STMicroelectronics.
  11:Src/usb_device.c ****   * All rights reserved.</center></h2>
  12:Src/usb_device.c ****   *
  13:Src/usb_device.c ****   * This software component is licensed by ST under Ultimate Liberty license
  14:Src/usb_device.c ****   * SLA0044, the "License"; You may not use this file except in compliance with
  15:Src/usb_device.c ****   * the License. You may obtain a copy of the License at:
  16:Src/usb_device.c ****   *                             www.st.com/SLA0044
  17:Src/usb_device.c ****   *
  18:Src/usb_device.c ****   ******************************************************************************
  19:Src/usb_device.c ****   */
  20:Src/usb_device.c **** /* USER CODE END Header */
  21:Src/usb_device.c **** 
  22:Src/usb_device.c **** /* Includes ------------------------------------------------------------------*/
  23:Src/usb_device.c **** 
  24:Src/usb_device.c **** #include "usb_device.h"
  25:Src/usb_device.c **** #include "usbd_core.h"
  26:Src/usb_device.c **** #include "usbd_desc.h"
  27:Src/usb_device.c **** #include "usbd_hid.h"
  28:Src/usb_device.c **** 
  29:Src/usb_device.c **** /* USER CODE BEGIN Includes */
  30:Src/usb_device.c **** 
  31:Src/usb_device.c **** /* USER CODE END Includes */
ARM GAS  C:\Users\lukas\AppData\Local\Temp\ccUqHlUB.s 			page 2


  32:Src/usb_device.c **** 
  33:Src/usb_device.c **** /* USER CODE BEGIN PV */
  34:Src/usb_device.c **** /* Private variables ---------------------------------------------------------*/
  35:Src/usb_device.c **** 
  36:Src/usb_device.c **** /* USER CODE END PV */
  37:Src/usb_device.c **** 
  38:Src/usb_device.c **** /* USER CODE BEGIN PFP */
  39:Src/usb_device.c **** /* Private function prototypes -----------------------------------------------*/
  40:Src/usb_device.c **** 
  41:Src/usb_device.c **** /* USER CODE END PFP */
  42:Src/usb_device.c **** 
  43:Src/usb_device.c **** /* USB Device Core handle declaration. */
  44:Src/usb_device.c **** USBD_HandleTypeDef hUsbDeviceFS;
  45:Src/usb_device.c **** 
  46:Src/usb_device.c **** /*
  47:Src/usb_device.c ****  * -- Insert your variables declaration here --
  48:Src/usb_device.c ****  */
  49:Src/usb_device.c **** /* USER CODE BEGIN 0 */
  50:Src/usb_device.c **** 
  51:Src/usb_device.c **** /* USER CODE END 0 */
  52:Src/usb_device.c **** 
  53:Src/usb_device.c **** /*
  54:Src/usb_device.c ****  * -- Insert your external function declaration here --
  55:Src/usb_device.c ****  */
  56:Src/usb_device.c **** /* USER CODE BEGIN 1 */
  57:Src/usb_device.c **** 
  58:Src/usb_device.c **** /* USER CODE END 1 */
  59:Src/usb_device.c **** 
  60:Src/usb_device.c **** /**
  61:Src/usb_device.c ****   * Init USB device Library, add supported class and start the library
  62:Src/usb_device.c ****   * @retval None
  63:Src/usb_device.c ****   */
  64:Src/usb_device.c **** void MX_USB_DEVICE_Init(void)
  65:Src/usb_device.c **** {
  28              		.loc 1 65 1 view -0
  29              		.cfi_startproc
  30              		@ args = 0, pretend = 0, frame = 0
  31              		@ frame_needed = 0, uses_anonymous_args = 0
  32 0000 08B5     		push	{r3, lr}
  33              	.LCFI0:
  34              		.cfi_def_cfa_offset 8
  35              		.cfi_offset 3, -8
  36              		.cfi_offset 14, -4
  66:Src/usb_device.c ****   /* USER CODE BEGIN USB_DEVICE_Init_PreTreatment */
  67:Src/usb_device.c **** 
  68:Src/usb_device.c ****   /* USER CODE END USB_DEVICE_Init_PreTreatment */
  69:Src/usb_device.c **** 
  70:Src/usb_device.c ****   /* Init Device Library, add supported class and start the library. */
  71:Src/usb_device.c ****   if (USBD_Init(&hUsbDeviceFS, &FS_Desc, DEVICE_FS) != USBD_OK)
  37              		.loc 1 71 3 view .LVU1
  38              		.loc 1 71 7 is_stmt 0 view .LVU2
  39 0002 0022     		movs	r2, #0
  40 0004 0C49     		ldr	r1, .L9
  41 0006 0D48     		ldr	r0, .L9+4
  42 0008 FFF7FEFF 		bl	USBD_Init
  43              	.LVL0:
  44              		.loc 1 71 6 view .LVU3
ARM GAS  C:\Users\lukas\AppData\Local\Temp\ccUqHlUB.s 			page 3


  45 000c 58B9     		cbnz	r0, .L6
  46              	.L2:
  72:Src/usb_device.c ****   {
  73:Src/usb_device.c ****     Error_Handler();
  74:Src/usb_device.c ****   }
  75:Src/usb_device.c ****   if (USBD_RegisterClass(&hUsbDeviceFS, &USBD_HID) != USBD_OK)
  47              		.loc 1 75 3 is_stmt 1 view .LVU4
  48              		.loc 1 75 7 is_stmt 0 view .LVU5
  49 000e 0C49     		ldr	r1, .L9+8
  50 0010 0A48     		ldr	r0, .L9+4
  51 0012 FFF7FEFF 		bl	USBD_RegisterClass
  52              	.LVL1:
  53              		.loc 1 75 6 view .LVU6
  54 0016 48B9     		cbnz	r0, .L7
  55              	.L3:
  76:Src/usb_device.c ****   {
  77:Src/usb_device.c ****     Error_Handler();
  78:Src/usb_device.c ****   }
  79:Src/usb_device.c ****   if (USBD_Start(&hUsbDeviceFS) != USBD_OK)
  56              		.loc 1 79 3 is_stmt 1 view .LVU7
  57              		.loc 1 79 7 is_stmt 0 view .LVU8
  58 0018 0848     		ldr	r0, .L9+4
  59 001a FFF7FEFF 		bl	USBD_Start
  60              	.LVL2:
  61              		.loc 1 79 6 view .LVU9
  62 001e 40B9     		cbnz	r0, .L8
  63              	.L4:
  80:Src/usb_device.c ****   {
  81:Src/usb_device.c ****     Error_Handler();
  82:Src/usb_device.c ****   }
  83:Src/usb_device.c **** 
  84:Src/usb_device.c ****   /* USER CODE BEGIN USB_DEVICE_Init_PostTreatment */
  85:Src/usb_device.c ****   HAL_PWREx_EnableUSBVoltageDetector();
  64              		.loc 1 85 3 is_stmt 1 view .LVU10
  65 0020 FFF7FEFF 		bl	HAL_PWREx_EnableUSBVoltageDetector
  66              	.LVL3:
  86:Src/usb_device.c **** 
  87:Src/usb_device.c ****   /* USER CODE END USB_DEVICE_Init_PostTreatment */
  88:Src/usb_device.c **** }
  67              		.loc 1 88 1 is_stmt 0 view .LVU11
  68 0024 08BD     		pop	{r3, pc}
  69              	.L6:
  73:Src/usb_device.c ****   }
  70              		.loc 1 73 5 is_stmt 1 view .LVU12
  71 0026 FFF7FEFF 		bl	Error_Handler
  72              	.LVL4:
  73 002a F0E7     		b	.L2
  74              	.L7:
  77:Src/usb_device.c ****   }
  75              		.loc 1 77 5 view .LVU13
  76 002c FFF7FEFF 		bl	Error_Handler
  77              	.LVL5:
  78 0030 F2E7     		b	.L3
  79              	.L8:
  81:Src/usb_device.c ****   }
  80              		.loc 1 81 5 view .LVU14
  81 0032 FFF7FEFF 		bl	Error_Handler
ARM GAS  C:\Users\lukas\AppData\Local\Temp\ccUqHlUB.s 			page 4


  82              	.LVL6:
  83 0036 F3E7     		b	.L4
  84              	.L10:
  85              		.align	2
  86              	.L9:
  87 0038 00000000 		.word	FS_Desc
  88 003c 00000000 		.word	hUsbDeviceFS
  89 0040 00000000 		.word	USBD_HID
  90              		.cfi_endproc
  91              	.LFE145:
  93              		.comm	hUsbDeviceFS,720,4
  94              		.text
  95              	.Letext0:
  96              		.file 2 "c:\\program files (x86)\\gnu arm embedded toolchain\\9 2020-q2-update\\arm-none-eabi\\inc
  97              		.file 3 "c:\\program files (x86)\\gnu arm embedded toolchain\\9 2020-q2-update\\arm-none-eabi\\inc
  98              		.file 4 "Drivers/CMSIS/Include/core_cm7.h"
  99              		.file 5 "Drivers/CMSIS/Device/ST/STM32H7xx/Include/system_stm32h7xx.h"
 100              		.file 6 "c:\\program files (x86)\\gnu arm embedded toolchain\\9 2020-q2-update\\lib\\gcc\\arm-none
 101              		.file 7 "c:\\program files (x86)\\gnu arm embedded toolchain\\9 2020-q2-update\\arm-none-eabi\\inc
 102              		.file 8 "c:\\program files (x86)\\gnu arm embedded toolchain\\9 2020-q2-update\\arm-none-eabi\\inc
 103              		.file 9 "c:\\program files (x86)\\gnu arm embedded toolchain\\9 2020-q2-update\\arm-none-eabi\\inc
 104              		.file 10 "c:\\program files (x86)\\gnu arm embedded toolchain\\9 2020-q2-update\\arm-none-eabi\\in
 105              		.file 11 "Drivers/STM32H7xx_HAL_Driver/Inc/stm32h7xx_hal_def.h"
 106              		.file 12 "Drivers/STM32H7xx_HAL_Driver/Inc/stm32h7xx_hal_flash.h"
 107              		.file 13 "Drivers/STM32H7xx_HAL_Driver/Inc/stm32h7xx_hal_uart.h"
 108              		.file 14 "Drivers/STM32H7xx_HAL_Driver/Inc/stm32h7xx_hal.h"
 109              		.file 15 "c:\\program files (x86)\\gnu arm embedded toolchain\\9 2020-q2-update\\arm-none-eabi\\in
 110              		.file 16 "Middlewares/ST/STM32_USB_Device_Library/Core/Inc/usbd_def.h"
 111              		.file 17 "Inc/usbd_desc.h"
 112              		.file 18 "Middlewares/ST/STM32_USB_Device_Library/Class/HID/Inc/usbd_hid.h"
 113              		.file 19 "Middlewares/ST/STM32_USB_Device_Library/Core/Inc/usbd_core.h"
 114              		.file 20 "Drivers/STM32H7xx_HAL_Driver/Inc/stm32h7xx_hal_pwr_ex.h"
 115              		.file 21 "Inc/main.h"
ARM GAS  C:\Users\lukas\AppData\Local\Temp\ccUqHlUB.s 			page 5


DEFINED SYMBOLS
                            *ABS*:00000000 usb_device.c
C:\Users\lukas\AppData\Local\Temp\ccUqHlUB.s:17     .text.MX_USB_DEVICE_Init:00000000 $t
C:\Users\lukas\AppData\Local\Temp\ccUqHlUB.s:25     .text.MX_USB_DEVICE_Init:00000000 MX_USB_DEVICE_Init
C:\Users\lukas\AppData\Local\Temp\ccUqHlUB.s:87     .text.MX_USB_DEVICE_Init:00000038 $d
                            *COM*:000002d0 hUsbDeviceFS

UNDEFINED SYMBOLS
USBD_Init
USBD_RegisterClass
USBD_Start
HAL_PWREx_EnableUSBVoltageDetector
Error_Handler
FS_Desc
USBD_HID
